GAS LISTING /tmp/ccWHOMYe.s 			page 1


   1              		.file	"main.cpp"
   2              		.option pic
   3              		.option norelax
   4              		.text
   5              	.Ltext0:
   6              		.section	.rodata.str1.8,"aMS",@progbits,1
   7              		.align	3
   8              	.LC0:
   9 0000 56726174 		.string	"Vratila sam se u main\n"
   9      696C6120 
   9      73616D20 
   9      73652075 
   9      206D6169 
  10              		.text
  11              		.align	2
  12              		.globl	main
  14              	main:
  15              	.LFB49:
  16              		.file 1 "src/main.cpp"
   1:src/main.cpp  **** //
   2:src/main.cpp  **** // Created by os on 5/17/24.
   3:src/main.cpp  **** //
   4:src/main.cpp  **** 
   5:src/main.cpp  **** #include "../test/printing.hpp"
   6:src/main.cpp  **** #include "../h/riscv.hpp"
   7:src/main.cpp  **** #include "../h/syscall_cpp.hpp"
   8:src/main.cpp  **** #include "../h/tcb.hpp"
   9:src/main.cpp  **** 
  10:src/main.cpp  **** 
  11:src/main.cpp  **** extern void userMain();
  12:src/main.cpp  **** 
  13:src/main.cpp  **** 
  14:src/main.cpp  **** 
  15:src/main.cpp  **** 
  16:src/main.cpp  **** int main() {
  17              		.loc 1 16 12
  18              		.cfi_startproc
  19 0000 130101FD 		addi	sp,sp,-48
  20              		.cfi_def_cfa_offset 48
  21 0004 23341102 		sd	ra,40(sp)
  22 0008 23308102 		sd	s0,32(sp)
  23 000c 233C9100 		sd	s1,24(sp)
  24 0010 23382101 		sd	s2,16(sp)
  25              		.cfi_offset 1, -8
  26              		.cfi_offset 8, -16
  27              		.cfi_offset 9, -24
  28              		.cfi_offset 18, -32
  29 0014 13040103 		addi	s0,sp,48
  30              		.cfi_def_cfa 8, 0
  17:src/main.cpp  **** 
  18:src/main.cpp  **** 
  19:src/main.cpp  **** 
  20:src/main.cpp  ****     TCB *threads[2];
  31              		.loc 1 20 5
  21:src/main.cpp  **** 
  22:src/main.cpp  ****     Riscv::w_stvec((uint64) &Riscv::supervisorTrap);
  32              		.loc 1 22 5
GAS LISTING /tmp/ccWHOMYe.s 			page 2


  33              		.loc 1 22 19 is_stmt 0
  34 0018 97070000 		la	a5,_ZN5Riscv14supervisorTrapEv
  34      83B70700 
  35              	.LVL0:
  36              	.LBB14:
  37              	.LBB15:
  38              		.file 2 "src/../h/riscv.hpp"
   1:src/../h/riscv.hpp **** //
   2:src/../h/riscv.hpp **** // Created by os on 5/17/24.
   3:src/../h/riscv.hpp **** //
   4:src/../h/riscv.hpp **** 
   5:src/../h/riscv.hpp **** 
   6:src/../h/riscv.hpp **** #ifndef RISCV_HPP
   7:src/../h/riscv.hpp **** #define RISCV_HPP
   8:src/../h/riscv.hpp **** #include "../lib/hw.h"
   9:src/../h/riscv.hpp **** 
  10:src/../h/riscv.hpp **** class Riscv
  11:src/../h/riscv.hpp **** {
  12:src/../h/riscv.hpp **** public:
  13:src/../h/riscv.hpp **** 
  14:src/../h/riscv.hpp ****     // pop sstatus.spp and sstatus.spie bits (has to be a non inline function)
  15:src/../h/riscv.hpp ****     static void popSppSpie();
  16:src/../h/riscv.hpp **** 
  17:src/../h/riscv.hpp ****     // read register scause
  18:src/../h/riscv.hpp ****     static uint64 r_scause();
  19:src/../h/riscv.hpp **** 
  20:src/../h/riscv.hpp ****     // write register scause
  21:src/../h/riscv.hpp ****     static void w_scause(uint64 scause);
  22:src/../h/riscv.hpp **** 
  23:src/../h/riscv.hpp ****     // read register sepc
  24:src/../h/riscv.hpp ****     static uint64 r_sepc();
  25:src/../h/riscv.hpp **** 
  26:src/../h/riscv.hpp ****     // write register sepc
  27:src/../h/riscv.hpp ****     static void w_sepc(uint64 sepc);
  28:src/../h/riscv.hpp **** 
  29:src/../h/riscv.hpp ****     // read register stvec
  30:src/../h/riscv.hpp ****     static uint64 r_stvec();
  31:src/../h/riscv.hpp **** 
  32:src/../h/riscv.hpp ****     // write register stvec
  33:src/../h/riscv.hpp ****     static void w_stvec(uint64 stvec);
  34:src/../h/riscv.hpp **** 
  35:src/../h/riscv.hpp ****     // read register stval
  36:src/../h/riscv.hpp ****     static uint64 r_stval();
  37:src/../h/riscv.hpp **** 
  38:src/../h/riscv.hpp ****     // write register stval
  39:src/../h/riscv.hpp ****     static void w_stval(uint64 stval);
  40:src/../h/riscv.hpp **** 
  41:src/../h/riscv.hpp ****     enum BitMaskSip
  42:src/../h/riscv.hpp ****     {
  43:src/../h/riscv.hpp ****         SIP_SSIP = (1 << 1),
  44:src/../h/riscv.hpp ****         SIP_STIP = (1 << 5),
  45:src/../h/riscv.hpp ****         SIP_SEIP = (1 << 9),
  46:src/../h/riscv.hpp ****     };
  47:src/../h/riscv.hpp **** 
  48:src/../h/riscv.hpp ****     // mask set register sip
  49:src/../h/riscv.hpp ****     static void ms_sip(uint64 mask);
  50:src/../h/riscv.hpp **** 
GAS LISTING /tmp/ccWHOMYe.s 			page 3


  51:src/../h/riscv.hpp ****     // mask clear register sip
  52:src/../h/riscv.hpp ****     static void mc_sip(uint64 mask);
  53:src/../h/riscv.hpp **** 
  54:src/../h/riscv.hpp ****     // read register sip
  55:src/../h/riscv.hpp ****     static uint64 r_sip();
  56:src/../h/riscv.hpp **** 
  57:src/../h/riscv.hpp ****     // write register sip
  58:src/../h/riscv.hpp ****     static void w_sip(uint64 sip);
  59:src/../h/riscv.hpp **** 
  60:src/../h/riscv.hpp ****     enum BitMaskSstatus
  61:src/../h/riscv.hpp ****     {
  62:src/../h/riscv.hpp ****         SSTATUS_SIE = (1 << 1),
  63:src/../h/riscv.hpp ****         SSTATUS_SPIE = (1 << 5),
  64:src/../h/riscv.hpp ****         SSTATUS_SPP = (1 << 8),
  65:src/../h/riscv.hpp ****     };
  66:src/../h/riscv.hpp **** 
  67:src/../h/riscv.hpp ****     // mask set register sstatus
  68:src/../h/riscv.hpp ****     static void ms_sstatus(uint64 mask);
  69:src/../h/riscv.hpp **** 
  70:src/../h/riscv.hpp ****     // mask clear register sstatus
  71:src/../h/riscv.hpp ****     static void mc_sstatus(uint64 mask);
  72:src/../h/riscv.hpp **** 
  73:src/../h/riscv.hpp ****     // read register sstatus
  74:src/../h/riscv.hpp ****     static uint64 r_sstatus();
  75:src/../h/riscv.hpp **** 
  76:src/../h/riscv.hpp ****     // write register sstatus
  77:src/../h/riscv.hpp ****     static void w_sstatus(uint64 sstatus);
  78:src/../h/riscv.hpp **** 
  79:src/../h/riscv.hpp ****     // supervisor trap
  80:src/../h/riscv.hpp ****     static void supervisorTrap();
  81:src/../h/riscv.hpp **** 
  82:src/../h/riscv.hpp **** 
  83:src/../h/riscv.hpp **** 
  84:src/../h/riscv.hpp **** 
  85:src/../h/riscv.hpp ****     //read a0 register
  86:src/../h/riscv.hpp ****     static uint64 r_a0();
  87:src/../h/riscv.hpp **** 
  88:src/../h/riscv.hpp ****     //write to a0 register
  89:src/../h/riscv.hpp ****     static void w_a0(uint64 writeValue);
  90:src/../h/riscv.hpp **** 
  91:src/../h/riscv.hpp **** 
  92:src/../h/riscv.hpp ****     //promeni rezim fja
  93:src/../h/riscv.hpp ****     static void promeniRezim(bool value);
  94:src/../h/riscv.hpp **** private:
  95:src/../h/riscv.hpp **** 
  96:src/../h/riscv.hpp ****     // supervisor trap handler
  97:src/../h/riscv.hpp ****     static void handleSupervisorTrap();
  98:src/../h/riscv.hpp **** 
  99:src/../h/riscv.hpp **** 
 100:src/../h/riscv.hpp **** 
 101:src/../h/riscv.hpp **** };
 102:src/../h/riscv.hpp **** 
 103:src/../h/riscv.hpp **** 
 104:src/../h/riscv.hpp **** inline uint64 Riscv::r_scause()
 105:src/../h/riscv.hpp **** {
 106:src/../h/riscv.hpp ****     uint64 volatile scause;
 107:src/../h/riscv.hpp ****     __asm__ volatile ("csrr %[scause], scause" : [scause] "=r"(scause));
GAS LISTING /tmp/ccWHOMYe.s 			page 4


 108:src/../h/riscv.hpp ****     return scause;
 109:src/../h/riscv.hpp **** }
 110:src/../h/riscv.hpp **** 
 111:src/../h/riscv.hpp **** inline void Riscv::w_scause(uint64 scause)
 112:src/../h/riscv.hpp **** {
 113:src/../h/riscv.hpp ****     __asm__ volatile ("csrw scause, %[scause]" : : [scause] "r"(scause));
 114:src/../h/riscv.hpp **** }
 115:src/../h/riscv.hpp **** 
 116:src/../h/riscv.hpp **** inline uint64 Riscv::r_sepc()
 117:src/../h/riscv.hpp **** {
 118:src/../h/riscv.hpp ****     uint64 volatile sepc;
 119:src/../h/riscv.hpp ****     __asm__ volatile ("csrr %[sepc], sepc" : [sepc] "=r"(sepc));
 120:src/../h/riscv.hpp ****     return sepc;
 121:src/../h/riscv.hpp **** }
 122:src/../h/riscv.hpp **** 
 123:src/../h/riscv.hpp **** inline void Riscv::w_sepc(uint64 sepc)
 124:src/../h/riscv.hpp **** {
 125:src/../h/riscv.hpp ****     __asm__ volatile ("csrw sepc, %[sepc]" : : [sepc] "r"(sepc));
 126:src/../h/riscv.hpp **** }
 127:src/../h/riscv.hpp **** 
 128:src/../h/riscv.hpp **** inline uint64 Riscv::r_stvec()
 129:src/../h/riscv.hpp **** {
 130:src/../h/riscv.hpp ****     uint64 volatile stvec;
 131:src/../h/riscv.hpp ****     __asm__ volatile ("csrr %[stvec], stvec" : [stvec] "=r"(stvec));
 132:src/../h/riscv.hpp ****     return stvec;
 133:src/../h/riscv.hpp **** }
 134:src/../h/riscv.hpp **** 
 135:src/../h/riscv.hpp **** inline void Riscv::w_stvec(uint64 stvec)
 136:src/../h/riscv.hpp **** {
 137:src/../h/riscv.hpp ****     __asm__ volatile ("csrw stvec, %[stvec]" : : [stvec] "r"(stvec));
  39              		.loc 2 137 5 is_stmt 1
  40              		.loc 2 137 69 is_stmt 0
  41              	#APP
  42              	# 137 "src/../h/riscv.hpp" 1
 138              	}
  43              		csrw stvec, a5
  44              	# 0 "" 2
  45              	.LVL1:
  46              	#NO_APP
  47              	.LBE15:
  48              	.LBE14:
  23:src/main.cpp  ****     Riscv::ms_sstatus(Riscv::SSTATUS_SIE);
  49              		.loc 1 23 5 is_stmt 1
  50              	.LBB16:
  51              	.LBB17:
 139:src/../h/riscv.hpp **** 
 140:src/../h/riscv.hpp **** inline uint64 Riscv::r_stval()
 141:src/../h/riscv.hpp **** {
 142:src/../h/riscv.hpp ****     uint64 volatile stval;
 143:src/../h/riscv.hpp ****     __asm__ volatile ("csrr %[stval], stval" : [stval] "=r"(stval));
 144:src/../h/riscv.hpp ****     return stval;
 145:src/../h/riscv.hpp **** }
 146:src/../h/riscv.hpp **** 
 147:src/../h/riscv.hpp **** inline void Riscv::w_stval(uint64 stval)
 148:src/../h/riscv.hpp **** {
 149:src/../h/riscv.hpp ****     __asm__ volatile ("csrw stval, %[stval]" : : [stval] "r"(stval));
 150:src/../h/riscv.hpp **** }
GAS LISTING /tmp/ccWHOMYe.s 			page 5


 151:src/../h/riscv.hpp **** 
 152:src/../h/riscv.hpp **** inline void Riscv::ms_sip(uint64 mask)
 153:src/../h/riscv.hpp **** {
 154:src/../h/riscv.hpp ****     __asm__ volatile ("csrs sip, %[mask]" : : [mask] "r"(mask));
 155:src/../h/riscv.hpp **** }
 156:src/../h/riscv.hpp **** 
 157:src/../h/riscv.hpp **** inline void Riscv::mc_sip(uint64 mask)
 158:src/../h/riscv.hpp **** {
 159:src/../h/riscv.hpp ****     __asm__ volatile ("csrc sip, %[mask]" : : [mask] "r"(mask));
 160:src/../h/riscv.hpp **** }
 161:src/../h/riscv.hpp **** 
 162:src/../h/riscv.hpp **** inline uint64 Riscv::r_sip()
 163:src/../h/riscv.hpp **** {
 164:src/../h/riscv.hpp ****     uint64 volatile sip;
 165:src/../h/riscv.hpp ****     __asm__ volatile ("csrr %[sip], sip" : [sip] "=r"(sip));
 166:src/../h/riscv.hpp ****     return sip;
 167:src/../h/riscv.hpp **** }
 168:src/../h/riscv.hpp **** 
 169:src/../h/riscv.hpp **** inline void Riscv::w_sip(uint64 sip)
 170:src/../h/riscv.hpp **** {
 171:src/../h/riscv.hpp ****     __asm__ volatile ("csrw sip, %[sip]" : : [sip] "r"(sip));
 172:src/../h/riscv.hpp **** }
 173:src/../h/riscv.hpp **** 
 174:src/../h/riscv.hpp **** inline void Riscv::ms_sstatus(uint64 mask)
 175:src/../h/riscv.hpp **** {
 176:src/../h/riscv.hpp ****     __asm__ volatile ("csrs sstatus, %[mask]" : : [mask] "r"(mask));
  52              		.loc 2 176 5
  53              		.loc 2 176 68 is_stmt 0
  54 0024 93072000 		li	a5,2
  55              	#APP
  56              	# 176 "src/../h/riscv.hpp" 1
 177              	}
  57              		csrs sstatus, a5
  58              	# 0 "" 2
  59              	.LVL2:
  60              	#NO_APP
  61              	.LBE17:
  62              	.LBE16:
  24:src/main.cpp  ****     thread_create(&threads[0], nullptr, nullptr);
  63              		.loc 1 24 5 is_stmt 1
  64              		.loc 1 24 18 is_stmt 0
  65 002c 13060000 		li	a2,0
  66 0030 93050000 		li	a1,0
  67 0034 130504FD 		addi	a0,s0,-48
  68 0038 97000000 		call	_Z13thread_createPP3TCBPFvPvES2_@plt
  68      E7800000 
  69              	.LVL3:
  25:src/main.cpp  **** 
  26:src/main.cpp  ****     TCB::running = threads[0];
  70              		.loc 1 26 5 is_stmt 1
  71              		.loc 1 26 18 is_stmt 0
  72 0040 033704FD 		ld	a4,-48(s0)
  73 0044 97070000 		la	a5,_ZN3TCB7runningE
  73      83B70700 
  74 004c 23B0E700 		sd	a4,0(a5)
  27:src/main.cpp  **** 
  28:src/main.cpp  ****     thread_create(&threads[1], reinterpret_cast<void (*)(void *)>(userMain), nullptr);
GAS LISTING /tmp/ccWHOMYe.s 			page 6


  75              		.loc 1 28 5 is_stmt 1
  76              		.loc 1 28 18 is_stmt 0
  77 0050 13060000 		li	a2,0
  78 0054 97050000 		la	a1,_Z8userMainv
  78      83B50500 
  79 005c 130584FD 		addi	a0,s0,-40
  80 0060 97000000 		call	_Z13thread_createPP3TCBPFvPvES2_@plt
  80      E7800000 
  81              	.LVL4:
  82              	.L3:
  29:src/main.cpp  **** 
  30:src/main.cpp  **** 
  31:src/main.cpp  ****     while (!threads[1]->isFinished()) {
  83              		.loc 1 31 5 is_stmt 1
  84              		.loc 1 31 12
  85              		.loc 1 31 22 is_stmt 0
  86 0068 833784FD 		ld	a5,-40(s0)
  87              	.LVL5:
  88              	.LBB18:
  89              	.LBB19:
  90              		.file 3 "src/../h/tcb.hpp"
   1:src/../h/tcb.hpp **** 
   2:src/../h/tcb.hpp **** #ifndef TCB_HPP
   3:src/../h/tcb.hpp **** #define TCB_HPP
   4:src/../h/tcb.hpp **** 
   5:src/../h/tcb.hpp **** #include "../lib/hw.h"
   6:src/../h/tcb.hpp **** #include "scheduler.hpp"
   7:src/../h/tcb.hpp **** 
   8:src/../h/tcb.hpp **** 
   9:src/../h/tcb.hpp **** 
  10:src/../h/tcb.hpp **** int main();
  11:src/../h/tcb.hpp **** typedef struct Molecule{
  12:src/../h/tcb.hpp ****     int* ids;
  13:src/../h/tcb.hpp ****     char const **type;
  14:src/../h/tcb.hpp **** }Molecule;
  15:src/../h/tcb.hpp **** 
  16:src/../h/tcb.hpp **** 
  17:src/../h/tcb.hpp **** class Semaphore_k;
  18:src/../h/tcb.hpp **** //Thread Control Block
  19:src/../h/tcb.hpp **** 
  20:src/../h/tcb.hpp **** class TCB
  21:src/../h/tcb.hpp **** {
  22:src/../h/tcb.hpp **** public:
  23:src/../h/tcb.hpp **** 
  24:src/../h/tcb.hpp ****     using Body = void (*)(void*);
  25:src/../h/tcb.hpp ****     void* operator new(size_t size) {
  26:src/../h/tcb.hpp ****         return memoryAllocator::mem_alloc(size);
  27:src/../h/tcb.hpp ****     }
  28:src/../h/tcb.hpp ****     void* operator new[](size_t size) {
  29:src/../h/tcb.hpp ****         return memoryAllocator::mem_alloc(size);
  30:src/../h/tcb.hpp ****     }
  31:src/../h/tcb.hpp **** 
  32:src/../h/tcb.hpp ****     void operator delete(void *ptr) {
  33:src/../h/tcb.hpp ****         memoryAllocator::mem_free(ptr);
  34:src/../h/tcb.hpp ****     }
  35:src/../h/tcb.hpp ****     void operator delete[](void *ptr) {
  36:src/../h/tcb.hpp ****         memoryAllocator::mem_free(ptr);
GAS LISTING /tmp/ccWHOMYe.s 			page 7


  37:src/../h/tcb.hpp ****     }
  38:src/../h/tcb.hpp **** 
  39:src/../h/tcb.hpp ****     static TCB* kreiraj_thread(TCB** handle, TCB::Body body, void* arg, char * stek);
  40:src/../h/tcb.hpp **** 
  41:src/../h/tcb.hpp ****     static TCB *running;
  42:src/../h/tcb.hpp **** 
  43:src/../h/tcb.hpp ****     ~TCB() { delete[] stack;
  44:src/../h/tcb.hpp **** 
  45:src/../h/tcb.hpp ****     }
  46:src/../h/tcb.hpp **** 
  47:src/../h/tcb.hpp ****     bool isFinished() const { return finished; }
  91              		.loc 3 47 31 is_stmt 1
  92              		.loc 3 47 38 is_stmt 0
  93 006c 83C70702 		lbu	a5,32(a5)
  94              	.LVL6:
  95              	.LBE19:
  96              	.LBE18:
  97              		.loc 1 31 12
  98 0070 63980700 		bnez	a5,.L2
  32:src/main.cpp  ****         thread_dispatch();
  99              		.loc 1 32 9 is_stmt 1
 100              		.loc 1 32 24 is_stmt 0
 101 0074 97000000 		call	_Z15thread_dispatchv@plt
 101      E7800000 
 102              	.LVL7:
 103 007c 6FF0DFFE 		j	.L3
 104              	.L2:
  33:src/main.cpp  ****     }
  34:src/main.cpp  **** 
  35:src/main.cpp  **** 
  36:src/main.cpp  **** 
  37:src/main.cpp  ****     printString("Vratila sam se u main\n");
 105              		.loc 1 37 5 is_stmt 1
 106              		.loc 1 37 16 is_stmt 0
 107 0080 17050000 		lla	a0,.LC0
 107      13050500 
 108 0088 97000000 		call	_Z11printStringPKc@plt
 108      E7800000 
 109              	.LVL8:
 110              	.LBB20:
  38:src/main.cpp  **** 
  39:src/main.cpp  ****     for(auto* i:threads){
 111              		.loc 1 39 17
 112 0090 930404FD 		addi	s1,s0,-48
 113 0094 6F004001 		j	.L7
 114              	.LVL9:
 115              	.L6:
 116              	.LBB21:
 117              	.LBB22:
  33:src/../h/tcb.hpp ****     }
 118              		.loc 3 33 9 is_stmt 1
  33:src/../h/tcb.hpp ****     }
 119              		.loc 3 33 34 is_stmt 0
 120 0098 13050900 		mv	a0,s2
 121 009c 97000000 		call	_ZN15memoryAllocator8mem_freeEPv@plt
 121      E7800000 
 122              	.LVL10:
GAS LISTING /tmp/ccWHOMYe.s 			page 8


 123              	.L5:
 124              	.LBE22:
 125              	.LBE21:
 126              		.loc 1 39 5 is_stmt 1 discriminator 3
 127 00a4 93848400 		addi	s1,s1,8
 128              	.LVL11:
 129              	.L7:
 130              		.loc 1 39 17 discriminator 1
 131 00a8 930704FE 		addi	a5,s0,-32
 132 00ac 6380F402 		beq	s1,a5,.L4
 133              		.loc 1 39 15 is_stmt 0 discriminator 2
 134 00b0 03B90400 		ld	s2,0(s1)
 135              	.LVL12:
  40:src/main.cpp  ****         delete i;
 136              		.loc 1 40 9 is_stmt 1 discriminator 2
 137              		.loc 1 40 17 is_stmt 0 discriminator 2
 138 00b4 E30809FE 		beqz	s2,.L5
 139              	.LVL13:
 140              	.LBB23:
 141              	.LBB24:
  43:src/../h/tcb.hpp **** 
 142              		.loc 3 43 14 is_stmt 1
  43:src/../h/tcb.hpp **** 
 143              		.loc 3 43 23 is_stmt 0
 144 00b8 03358900 		ld	a0,8(s2)
  43:src/../h/tcb.hpp **** 
 145              		.loc 3 43 28
 146 00bc E30E05FC 		beqz	a0,.L6
  43:src/../h/tcb.hpp **** 
 147              		.loc 3 43 23
 148 00c0 97000000 		call	_ZdaPv@plt
 148      E7800000 
 149              	.LVL14:
 150 00c8 6FF01FFD 		j	.L6
 151              	.LVL15:
 152              	.L4:
 153              	.LBE24:
 154              	.LBE23:
 155              	.LBE20:
  41:src/main.cpp  ****     }
  42:src/main.cpp  **** 
  43:src/main.cpp  **** 
  44:src/main.cpp  **** 
  45:src/main.cpp  **** //    Riscv::w_stvec((uint64) &Riscv::supervisorTrap);
  46:src/main.cpp  **** //    Riscv::ms_sstatus(Riscv::SSTATUS_SIE);
  47:src/main.cpp  **** //
  48:src/main.cpp  **** //    auto* main = new Thread(nullptr, nullptr);
  49:src/main.cpp  **** //    main->start();
  50:src/main.cpp  **** //    //thread_create(&threads[0], nullptr, nullptr);
  51:src/main.cpp  **** //    TCB::running = reinterpret_cast<TCB *>(main);
  52:src/main.cpp  **** //    printString("Main postavljen za running\n");
  53:src/main.cpp  **** //    auto* userMainn = new Thread(reinterpret_cast<void (*)(void *)>(userMain), nullptr);
  54:src/main.cpp  **** //
  55:src/main.cpp  **** //    userMainn->start();
  56:src/main.cpp  **** //    userMainn->join();
  57:src/main.cpp  **** //
  58:src/main.cpp  **** //    printString("User main kraj\n");
GAS LISTING /tmp/ccWHOMYe.s 			page 9


  59:src/main.cpp  **** //
  60:src/main.cpp  **** //
  61:src/main.cpp  **** //
  62:src/main.cpp  **** //    printString("Vratila sam se u main\n");
  63:src/main.cpp  **** 
  64:src/main.cpp  **** 
  65:src/main.cpp  **** 
  66:src/main.cpp  ****     return 0;
 156              		.loc 1 66 5 is_stmt 1
  67:src/main.cpp  **** 
  68:src/main.cpp  **** };...
 157              		.loc 1 68 1 is_stmt 0
 158 00cc 13050000 		li	a0,0
 159 00d0 83308102 		ld	ra,40(sp)
 160              		.cfi_restore 1
 161 00d4 03340102 		ld	s0,32(sp)
 162              		.cfi_restore 8
 163              		.cfi_def_cfa 2, 48
 164 00d8 83348101 		ld	s1,24(sp)
 165              		.cfi_restore 9
 166              	.LVL16:
 167 00dc 03390101 		ld	s2,16(sp)
 168              		.cfi_restore 18
 169 00e0 13010103 		addi	sp,sp,48
 170              		.cfi_def_cfa_offset 0
 171 00e4 67800000 		jr	ra
 172              		.cfi_endproc
 173              	.LFE49:
 175              	.Letext0:
 176              		.file 4 "src/../test/../h/../lib/hw.h"
 177              		.file 5 "src/../test/../h/memoryAllocator.hpp"
 178              		.file 6 "src/../h/List.hpp"
 179              		.file 7 "src/../test/../h/syscall_c.h"
 180              		.file 8 "src/../test/printing.hpp"
GAS LISTING /tmp/ccWHOMYe.s 			page 10


DEFINED SYMBOLS
                            *ABS*:0000000000000000 main.cpp
     /tmp/ccWHOMYe.s:14     .text:0000000000000000 main
     /tmp/ccWHOMYe.s:18     .text:0000000000000000 .L0 
     /tmp/ccWHOMYe.s:19     .text:0000000000000000 .L0 
     /tmp/ccWHOMYe.s:20     .text:0000000000000004 .L0 
     /tmp/ccWHOMYe.s:25     .text:0000000000000014 .L0 
     /tmp/ccWHOMYe.s:26     .text:0000000000000014 .L0 
     /tmp/ccWHOMYe.s:27     .text:0000000000000014 .L0 
     /tmp/ccWHOMYe.s:28     .text:0000000000000014 .L0 
     /tmp/ccWHOMYe.s:30     .text:0000000000000018 .L0 
     /tmp/ccWHOMYe.s:32     .text:0000000000000018 .L0 
     /tmp/ccWHOMYe.s:33     .text:0000000000000018 .L0 
     /tmp/ccWHOMYe.s:34     .text:0000000000000018 .L0 
     /tmp/ccWHOMYe.s:40     .text:0000000000000020 .L0 
  src/../h/riscv.hpp:137    .text:0000000000000020 .L0 
     /tmp/ccWHOMYe.s:52     .text:0000000000000024 .L0 
     /tmp/ccWHOMYe.s:53     .text:0000000000000024 .L0 
     /tmp/ccWHOMYe.s:54     .text:0000000000000024 .L0 
     /tmp/ccWHOMYe.s:64     .text:000000000000002c .L0 
     /tmp/ccWHOMYe.s:65     .text:000000000000002c .L0 
     /tmp/ccWHOMYe.s:71     .text:0000000000000040 .L0 
     /tmp/ccWHOMYe.s:72     .text:0000000000000040 .L0 
     /tmp/ccWHOMYe.s:76     .text:0000000000000050 .L0 
     /tmp/ccWHOMYe.s:77     .text:0000000000000050 .L0 
     /tmp/ccWHOMYe.s:84     .text:0000000000000068 .L0 
     /tmp/ccWHOMYe.s:85     .text:0000000000000068 .L0 
     /tmp/ccWHOMYe.s:86     .text:0000000000000068 .L0 
     /tmp/ccWHOMYe.s:92     .text:000000000000006c .L0 
     /tmp/ccWHOMYe.s:93     .text:000000000000006c .L0 
     /tmp/ccWHOMYe.s:98     .text:0000000000000070 .L0 
     /tmp/ccWHOMYe.s:100    .text:0000000000000074 .L0 
     /tmp/ccWHOMYe.s:101    .text:0000000000000074 .L0 
     /tmp/ccWHOMYe.s:106    .text:0000000000000080 .L0 
     /tmp/ccWHOMYe.s:107    .text:0000000000000080 .L0 
     /tmp/ccWHOMYe.s:112    .text:0000000000000090 .L0 
     /tmp/ccWHOMYe.s:119    .text:0000000000000098 .L0 
     /tmp/ccWHOMYe.s:120    .text:0000000000000098 .L0 
     /tmp/ccWHOMYe.s:127    .text:00000000000000a4 .L0 
     /tmp/ccWHOMYe.s:131    .text:00000000000000a8 .L0 
     /tmp/ccWHOMYe.s:134    .text:00000000000000b0 .L0 
     /tmp/ccWHOMYe.s:137    .text:00000000000000b4 .L0 
     /tmp/ccWHOMYe.s:138    .text:00000000000000b4 .L0 
     /tmp/ccWHOMYe.s:143    .text:00000000000000b8 .L0 
     /tmp/ccWHOMYe.s:144    .text:00000000000000b8 .L0 
     /tmp/ccWHOMYe.s:146    .text:00000000000000bc .L0 
     /tmp/ccWHOMYe.s:148    .text:00000000000000c0 .L0 
     /tmp/ccWHOMYe.s:157    .text:00000000000000cc .L0 
     /tmp/ccWHOMYe.s:158    .text:00000000000000cc .L0 
     /tmp/ccWHOMYe.s:160    .text:00000000000000d4 .L0 
     /tmp/ccWHOMYe.s:162    .text:00000000000000d8 .L0 
     /tmp/ccWHOMYe.s:163    .text:00000000000000d8 .L0 
     /tmp/ccWHOMYe.s:165    .text:00000000000000dc .L0 
     /tmp/ccWHOMYe.s:168    .text:00000000000000e0 .L0 
     /tmp/ccWHOMYe.s:170    .text:00000000000000e4 .L0 
     /tmp/ccWHOMYe.s:172    .text:00000000000000e8 .L0 
     /tmp/ccWHOMYe.s:181    .text:00000000000000e8 .L0 
GAS LISTING /tmp/ccWHOMYe.s 			page 11


     /tmp/ccWHOMYe.s:34     .text:0000000000000018 .L0 
     /tmp/ccWHOMYe.s:73     .text:0000000000000044 .L0 
     /tmp/ccWHOMYe.s:78     .text:0000000000000054 .L0 
     /tmp/ccWHOMYe.s:8      .rodata.str1.8:0000000000000000 .LC0
     /tmp/ccWHOMYe.s:107    .text:0000000000000080 .L0 
     /tmp/ccWHOMYe.s:104    .text:0000000000000080 .L2
     /tmp/ccWHOMYe.s:82     .text:0000000000000068 .L3
     /tmp/ccWHOMYe.s:129    .text:00000000000000a8 .L7
     /tmp/ccWHOMYe.s:152    .text:00000000000000cc .L4
     /tmp/ccWHOMYe.s:123    .text:00000000000000a4 .L5
     /tmp/ccWHOMYe.s:115    .text:0000000000000098 .L6
     /tmp/ccWHOMYe.s:2288   .debug_abbrev:0000000000000000 .Ldebug_abbrev0
     /tmp/ccWHOMYe.s:4129   .debug_str:0000000000000dc6 .LASF286
     /tmp/ccWHOMYe.s:3787   .debug_str:0000000000000411 .LASF287
     /tmp/ccWHOMYe.s:3805   .debug_str:00000000000004a8 .LASF288
     /tmp/ccWHOMYe.s:5      .text:0000000000000000 .Ltext0
     /tmp/ccWHOMYe.s:175    .text:00000000000000e8 .Letext0
     /tmp/ccWHOMYe.s:3647   .debug_line:0000000000000000 .Ldebug_line0
     /tmp/ccWHOMYe.s:3843   .debug_str:00000000000005d0 .LASF0
     /tmp/ccWHOMYe.s:3885   .debug_str:00000000000006f1 .LASF1
     /tmp/ccWHOMYe.s:4039   .debug_str:0000000000000b16 .LASF2
     /tmp/ccWHOMYe.s:4051   .debug_str:0000000000000b75 .LASF4
     /tmp/ccWHOMYe.s:3859   .debug_str:0000000000000654 .LASF3
     /tmp/ccWHOMYe.s:3671   .debug_str:00000000000000ba .LASF5
     /tmp/ccWHOMYe.s:3983   .debug_str:000000000000098a .LASF6
     /tmp/ccWHOMYe.s:3871   .debug_str:000000000000068f .LASF7
     /tmp/ccWHOMYe.s:3801   .debug_str:000000000000045f .LASF8
     /tmp/ccWHOMYe.s:3815   .debug_str:0000000000000511 .LASF9
     /tmp/ccWHOMYe.s:3711   .debug_str:00000000000001b6 .LASF10
     /tmp/ccWHOMYe.s:3783   .debug_str:00000000000003f9 .LASF11
     /tmp/ccWHOMYe.s:3727   .debug_str:0000000000000219 .LASF12
     /tmp/ccWHOMYe.s:3709   .debug_str:00000000000001a6 .LASF13
     /tmp/ccWHOMYe.s:4097   .debug_str:0000000000000cd0 .LASF14
     /tmp/ccWHOMYe.s:3767   .debug_str:0000000000000347 .LASF15
     /tmp/ccWHOMYe.s:4079   .debug_str:0000000000000c46 .LASF16
     /tmp/ccWHOMYe.s:3881   .debug_str:00000000000006dc .LASF23
     /tmp/ccWHOMYe.s:4071   .debug_str:0000000000000bfc .LASF289
     /tmp/ccWHOMYe.s:3713   .debug_str:00000000000001c5 .LASF17
     /tmp/ccWHOMYe.s:3883   .debug_str:00000000000006ec .LASF18
     /tmp/ccWHOMYe.s:3925   .debug_str:00000000000007e4 .LASF19
     /tmp/ccWHOMYe.s:4219   .debug_str:00000000000010c1 .LASF21
     /tmp/ccWHOMYe.s:4103   .debug_str:0000000000000cf3 .LASF20
     /tmp/ccWHOMYe.s:3691   .debug_str:000000000000012b .LASF22
     /tmp/ccWHOMYe.s:4087   .debug_str:0000000000000c89 .LASF27
     /tmp/ccWHOMYe.s:3781   .debug_str:00000000000003de .LASF25
     /tmp/ccWHOMYe.s:4043   .debug_str:0000000000000b31 .LASF24
     /tmp/ccWHOMYe.s:3969   .debug_str:0000000000000924 .LASF26
     /tmp/ccWHOMYe.s:3687   .debug_str:000000000000011c .LASF72
     /tmp/ccWHOMYe.s:4013   .debug_str:0000000000000a4f .LASF74
     /tmp/ccWHOMYe.s:4183   .debug_str:0000000000000fca .LASF28
     /tmp/ccWHOMYe.s:4015   .debug_str:0000000000000a6b .LASF29
     /tmp/ccWHOMYe.s:4135   .debug_str:0000000000000ea1 .LASF30
     /tmp/ccWHOMYe.s:3941   .debug_str:0000000000000866 .LASF32
     /tmp/ccWHOMYe.s:4225   .debug_str:0000000000001104 .LASF31
     /tmp/ccWHOMYe.s:3803   .debug_str:000000000000046f .LASF33
     /tmp/ccWHOMYe.s:4027   .debug_str:0000000000000ac0 .LASF76
     /tmp/ccWHOMYe.s:3909   .debug_str:0000000000000786 .LASF34
GAS LISTING /tmp/ccWHOMYe.s 			page 12


     /tmp/ccWHOMYe.s:3717   .debug_str:00000000000001d4 .LASF270
     /tmp/ccWHOMYe.s:4235   .debug_str:0000000000001148 .LASF35
     /tmp/ccWHOMYe.s:3809   .debug_str:00000000000004dd .LASF36
     /tmp/ccWHOMYe.s:3699   .debug_str:000000000000016c .LASF37
     /tmp/ccWHOMYe.s:3795   .debug_str:0000000000000439 .LASF38
     /tmp/ccWHOMYe.s:3661   .debug_str:0000000000000053 .LASF39
     /tmp/ccWHOMYe.s:3957   .debug_str:00000000000008da .LASF40
     /tmp/ccWHOMYe.s:4077   .debug_str:0000000000000c33 .LASF41
     /tmp/ccWHOMYe.s:4041   .debug_str:0000000000000b24 .LASF42
     /tmp/ccWHOMYe.s:3831   .debug_str:0000000000000593 .LASF43
     /tmp/ccWHOMYe.s:4105   .debug_str:0000000000000cfc .LASF44
     /tmp/ccWHOMYe.s:3965   .debug_str:000000000000090e .LASF290
     /tmp/ccWHOMYe.s:4125   .debug_str:0000000000000db0 .LASF45
     /tmp/ccWHOMYe.s:4053   .debug_str:0000000000000b7c .LASF46
     /tmp/ccWHOMYe.s:3667   .debug_str:00000000000000a3 .LASF47
     /tmp/ccWHOMYe.s:3821   .debug_str:0000000000000538 .LASF48
     /tmp/ccWHOMYe.s:3937   .debug_str:0000000000000847 .LASF49
     /tmp/ccWHOMYe.s:3693   .debug_str:000000000000014c .LASF50
     /tmp/ccWHOMYe.s:4147   .debug_str:0000000000000eed .LASF51
     /tmp/ccWHOMYe.s:4199   .debug_str:000000000000102a .LASF52
     /tmp/ccWHOMYe.s:3701   .debug_str:000000000000017c .LASF53
     /tmp/ccWHOMYe.s:4109   .debug_str:0000000000000d37 .LASF54
     /tmp/ccWHOMYe.s:3779   .debug_str:00000000000003c8 .LASF55
     /tmp/ccWHOMYe.s:3737   .debug_str:000000000000027d .LASF56
     /tmp/ccWHOMYe.s:4195   .debug_str:0000000000001009 .LASF57
     /tmp/ccWHOMYe.s:4081   .debug_str:0000000000000c5c .LASF58
     /tmp/ccWHOMYe.s:3987   .debug_str:00000000000009aa .LASF59
     /tmp/ccWHOMYe.s:4231   .debug_str:0000000000001125 .LASF60
     /tmp/ccWHOMYe.s:4149   .debug_str:0000000000000f04 .LASF61
     /tmp/ccWHOMYe.s:4169   .debug_str:0000000000000f73 .LASF62
     /tmp/ccWHOMYe.s:3655   .debug_str:0000000000000030 .LASF63
     /tmp/ccWHOMYe.s:3733   .debug_str:000000000000025c .LASF64
     /tmp/ccWHOMYe.s:3729   .debug_str:0000000000000229 .LASF65
     /tmp/ccWHOMYe.s:4245   .debug_str:0000000000001180 .LASF66
     /tmp/ccWHOMYe.s:3853   .debug_str:000000000000060e .LASF67
     /tmp/ccWHOMYe.s:4127   .debug_str:0000000000000db8 .LASF68
     /tmp/ccWHOMYe.s:3769   .debug_str:000000000000035d .LASF69
     /tmp/ccWHOMYe.s:4179   .debug_str:0000000000000fb7 .LASF70
     /tmp/ccWHOMYe.s:3743   .debug_str:00000000000002a7 .LASF71
     /tmp/ccWHOMYe.s:4099   .debug_str:0000000000000cdc .LASF291
     /tmp/ccWHOMYe.s:3887   .debug_str:0000000000000704 .LASF73
     /tmp/ccWHOMYe.s:4131   .debug_str:0000000000000e8a .LASF75
     /tmp/ccWHOMYe.s:3659   .debug_str:000000000000004e .LASF77
     /tmp/ccWHOMYe.s:4205   .debug_str:0000000000001044 .LASF292
     /tmp/ccWHOMYe.s:4227   .debug_str:0000000000001114 .LASF78
     /tmp/ccWHOMYe.s:4143   .debug_str:0000000000000edd .LASF79
     /tmp/ccWHOMYe.s:4101   .debug_str:0000000000000cea .LASF80
     /tmp/ccWHOMYe.s:3999   .debug_str:0000000000000a04 .LASF81
     /tmp/ccWHOMYe.s:3793   .debug_str:0000000000000434 .LASF82
     /tmp/ccWHOMYe.s:4203   .debug_str:000000000000103c .LASF83
     /tmp/ccWHOMYe.s:4007   .debug_str:0000000000000a24 .LASF84
     /tmp/ccWHOMYe.s:4133   .debug_str:0000000000000e9a .LASF85
     /tmp/ccWHOMYe.s:3697   .debug_str:000000000000015e .LASF86
     /tmp/ccWHOMYe.s:3891   .debug_str:000000000000071d .LASF88
     /tmp/ccWHOMYe.s:4221   .debug_str:00000000000010e2 .LASF90
     /tmp/ccWHOMYe.s:3665   .debug_str:000000000000007b .LASF92
     /tmp/ccWHOMYe.s:3721   .debug_str:00000000000001ef .LASF87
GAS LISTING /tmp/ccWHOMYe.s 			page 13


     /tmp/ccWHOMYe.s:3719   .debug_str:00000000000001dc .LASF89
     /tmp/ccWHOMYe.s:4119   .debug_str:0000000000000d8c .LASF91
     /tmp/ccWHOMYe.s:3789   .debug_str:000000000000041e .LASF93
     /tmp/ccWHOMYe.s:3829   .debug_str:0000000000000586 .LASF94
     /tmp/ccWHOMYe.s:3825   .debug_str:000000000000055f .LASF95
     /tmp/ccWHOMYe.s:3745   .debug_str:00000000000002c0 .LASF96
     /tmp/ccWHOMYe.s:3837   .debug_str:00000000000005b9 .LASF97
     /tmp/ccWHOMYe.s:3785   .debug_str:0000000000000408 .LASF98
     /tmp/ccWHOMYe.s:4229   .debug_str:000000000000111a .LASF99
     /tmp/ccWHOMYe.s:3695   .debug_str:0000000000000158 .LASF100
     /tmp/ccWHOMYe.s:3703   .debug_str:0000000000000191 .LASF101
     /tmp/ccWHOMYe.s:4023   .debug_str:0000000000000a9d .LASF102
     /tmp/ccWHOMYe.s:3949   .debug_str:0000000000000897 .LASF293
     /tmp/ccWHOMYe.s:4009   .debug_str:0000000000000a36 .LASF103
     /tmp/ccWHOMYe.s:3951   .debug_str:00000000000008a5 .LASF104
     /tmp/ccWHOMYe.s:4213   .debug_str:0000000000001088 .LASF105
     /tmp/ccWHOMYe.s:3975   .debug_str:0000000000000958 .LASF106
     /tmp/ccWHOMYe.s:3943   .debug_str:000000000000087f .LASF107
     /tmp/ccWHOMYe.s:4215   .debug_str:000000000000109a .LASF108
     /tmp/ccWHOMYe.s:4187   .debug_str:0000000000000fe1 .LASF109
     /tmp/ccWHOMYe.s:4035   .debug_str:0000000000000af8 .LASF110
     /tmp/ccWHOMYe.s:3995   .debug_str:00000000000009f2 .LASF111
     /tmp/ccWHOMYe.s:3923   .debug_str:00000000000007db .LASF112
     /tmp/ccWHOMYe.s:3875   .debug_str:00000000000006b8 .LASF113
     /tmp/ccWHOMYe.s:4065   .debug_str:0000000000000bd2 .LASF114
     /tmp/ccWHOMYe.s:3867   .debug_str:000000000000067d .LASF115
     /tmp/ccWHOMYe.s:3963   .debug_str:0000000000000901 .LASF116
     /tmp/ccWHOMYe.s:3981   .debug_str:0000000000000982 .LASF117
     /tmp/ccWHOMYe.s:3961   .debug_str:00000000000008fc .LASF118
     /tmp/ccWHOMYe.s:3799   .debug_str:000000000000044e .LASF119
     /tmp/ccWHOMYe.s:3913   .debug_str:0000000000000790 .LASF120
     /tmp/ccWHOMYe.s:3927   .debug_str:00000000000007ee .LASF121
     /tmp/ccWHOMYe.s:3765   .debug_str:0000000000000340 .LASF122
     /tmp/ccWHOMYe.s:4069   .debug_str:0000000000000beb .LASF123
     /tmp/ccWHOMYe.s:4159   .debug_str:0000000000000f3e .LASF124
     /tmp/ccWHOMYe.s:4141   .debug_str:0000000000000ecb .LASF125
     /tmp/ccWHOMYe.s:3747   .debug_str:00000000000002c6 .LASF126
     /tmp/ccWHOMYe.s:4107   .debug_str:0000000000000d24 .LASF127
     /tmp/ccWHOMYe.s:3997   .debug_str:00000000000009fc .LASF128
     /tmp/ccWHOMYe.s:3739   .debug_str:0000000000000284 .LASF129
     /tmp/ccWHOMYe.s:3839   .debug_str:00000000000005c0 .LASF130
     /tmp/ccWHOMYe.s:3735   .debug_str:000000000000026f .LASF131
     /tmp/ccWHOMYe.s:4017   .debug_str:0000000000000a7c .LASF132
     /tmp/ccWHOMYe.s:4161   .debug_str:0000000000000f46 .LASF133
     /tmp/ccWHOMYe.s:3877   .debug_str:00000000000006c5 .LASF134
     /tmp/ccWHOMYe.s:4029   .debug_str:0000000000000ad0 .LASF135
     /tmp/ccWHOMYe.s:4037   .debug_str:0000000000000b0a .LASF136
     /tmp/ccWHOMYe.s:4191   .debug_str:0000000000000ffe .LASF137
     /tmp/ccWHOMYe.s:3677   .debug_str:00000000000000de .LASF138
     /tmp/ccWHOMYe.s:3669   .debug_str:00000000000000af .LASF139
     /tmp/ccWHOMYe.s:3657   .debug_str:0000000000000044 .LASF140
     /tmp/ccWHOMYe.s:4091   .debug_str:0000000000000c97 .LASF141
     /tmp/ccWHOMYe.s:3861   .debug_str:0000000000000666 .LASF142
     /tmp/ccWHOMYe.s:4233   .debug_str:0000000000001130 .LASF143
     /tmp/ccWHOMYe.s:3993   .debug_str:00000000000009e6 .LASF144
     /tmp/ccWHOMYe.s:3933   .debug_str:000000000000081e .LASF145
     /tmp/ccWHOMYe.s:4049   .debug_str:0000000000000b57 .LASF146
GAS LISTING /tmp/ccWHOMYe.s 			page 14


     /tmp/ccWHOMYe.s:4047   .debug_str:0000000000000b4e .LASF147
     /tmp/ccWHOMYe.s:4075   .debug_str:0000000000000c20 .LASF148
     /tmp/ccWHOMYe.s:4181   .debug_str:0000000000000fc1 .LASF149
     /tmp/ccWHOMYe.s:4171   .debug_str:0000000000000f7d .LASF150
     /tmp/ccWHOMYe.s:4153   .debug_str:0000000000000f25 .LASF151
     /tmp/ccWHOMYe.s:4145   .debug_str:0000000000000ee5 .LASF152
     /tmp/ccWHOMYe.s:3651   .debug_str:000000000000000a .LASF153
     /tmp/ccWHOMYe.s:3797   .debug_str:0000000000000445 .LASF154
     /tmp/ccWHOMYe.s:3905   .debug_str:000000000000076e .LASF155
     /tmp/ccWHOMYe.s:3977   .debug_str:0000000000000975 .LASF156
     /tmp/ccWHOMYe.s:3705   .debug_str:000000000000019a .LASF157
     /tmp/ccWHOMYe.s:3707   .debug_str:00000000000001a0 .LASF158
     /tmp/ccWHOMYe.s:3757   .debug_str:0000000000000314 .LASF159
     /tmp/ccWHOMYe.s:4085   .debug_str:0000000000000c78 .LASF160
     /tmp/ccWHOMYe.s:4137   .debug_str:0000000000000eb6 .LASF161
     /tmp/ccWHOMYe.s:3929   .debug_str:0000000000000800 .LASF162
     /tmp/ccWHOMYe.s:3653   .debug_str:0000000000000010 .LASF163
     /tmp/ccWHOMYe.s:4151   .debug_str:0000000000000f1a .LASF164
     /tmp/ccWHOMYe.s:3723   .debug_str:00000000000001f8 .LASF165
     /tmp/ccWHOMYe.s:3979   .debug_str:000000000000097c .LASF166
     /tmp/ccWHOMYe.s:4031   .debug_str:0000000000000ae9 .LASF167
     /tmp/ccWHOMYe.s:3817   .debug_str:000000000000051f .LASF168
     /tmp/ccWHOMYe.s:4243   .debug_str:0000000000001178 .LASF169
     /tmp/ccWHOMYe.s:4121   .debug_str:0000000000000d91 .LASF170
     /tmp/ccWHOMYe.s:4167   .debug_str:0000000000000f62 .LASF171
     /tmp/ccWHOMYe.s:3841   .debug_str:00000000000005cb .LASF172
     /tmp/ccWHOMYe.s:3907   .debug_str:0000000000000777 .LASF173
     /tmp/ccWHOMYe.s:4207   .debug_str:000000000000105a .LASF174
     /tmp/ccWHOMYe.s:4217   .debug_str:00000000000010a5 .LASF175
     /tmp/ccWHOMYe.s:3971   .debug_str:0000000000000940 .LASF176
     /tmp/ccWHOMYe.s:4019   .debug_str:0000000000000a85 .LASF177
     /tmp/ccWHOMYe.s:3931   .debug_str:0000000000000813 .LASF178
     /tmp/ccWHOMYe.s:3749   .debug_str:00000000000002cd .LASF179
     /tmp/ccWHOMYe.s:3869   .debug_str:0000000000000682 .LASF180
     /tmp/ccWHOMYe.s:3715   .debug_str:00000000000001ca .LASF181
     /tmp/ccWHOMYe.s:3731   .debug_str:0000000000000248 .LASF182
     /tmp/ccWHOMYe.s:3725   .debug_str:000000000000020e .LASF183
     /tmp/ccWHOMYe.s:3935   .debug_str:0000000000000831 .LASF184
     /tmp/ccWHOMYe.s:3873   .debug_str:00000000000006a2 .LASF185
     /tmp/ccWHOMYe.s:3681   .debug_str:00000000000000f0 .LASF186
     /tmp/ccWHOMYe.s:4251   .debug_str:00000000000011b3 .LASF187
     /tmp/ccWHOMYe.s:4063   .debug_str:0000000000000baf .LASF188
     /tmp/ccWHOMYe.s:3827   .debug_str:0000000000000577 .LASF189
     /tmp/ccWHOMYe.s:3775   .debug_str:00000000000003a2 .LASF190
     /tmp/ccWHOMYe.s:3911   .debug_str:000000000000078b .LASF191
     /tmp/ccWHOMYe.s:3893   .debug_str:0000000000000736 .LASF192
     /tmp/ccWHOMYe.s:4001   .debug_str:0000000000000a0c .LASF193
     /tmp/ccWHOMYe.s:3895   .debug_str:000000000000073e .LASF194
     /tmp/ccWHOMYe.s:3991   .debug_str:00000000000009da .LASF195
     /tmp/ccWHOMYe.s:4173   .debug_str:0000000000000f90 .LASF198
     /tmp/ccWHOMYe.s:4185   .debug_str:0000000000000fd9 .LASF196
     /tmp/ccWHOMYe.s:3917   .debug_str:00000000000007a3 .LASF294
     /tmp/ccWHOMYe.s:4003   .debug_str:0000000000000a18 .LASF197
     /tmp/ccWHOMYe.s:3819   .debug_str:0000000000000529 .LASF199
     /tmp/ccWHOMYe.s:3919   .debug_str:00000000000007b5 .LASF200
     /tmp/ccWHOMYe.s:3763   .debug_str:0000000000000339 .LASF201
     /tmp/ccWHOMYe.s:3945   .debug_str:0000000000000888 .LASF202
GAS LISTING /tmp/ccWHOMYe.s 			page 15


     /tmp/ccWHOMYe.s:3679   .debug_str:00000000000000e8 .LASF203
     /tmp/ccWHOMYe.s:3847   .debug_str:00000000000005e8 .LASF295
     /tmp/ccWHOMYe.s:3683   .debug_str:0000000000000111 .LASF204
     /tmp/ccWHOMYe.s:4163   .debug_str:0000000000000f4e .LASF296
     /tmp/ccWHOMYe.s:3777   .debug_str:00000000000003bc .LASF205
     /tmp/ccWHOMYe.s:4237   .debug_str:0000000000001155 .LASF206
     /tmp/ccWHOMYe.s:3835   .debug_str:00000000000005ad .LASF207
     /tmp/ccWHOMYe.s:3833   .debug_str:00000000000005a2 .LASF208
     /tmp/ccWHOMYe.s:4073   .debug_str:0000000000000c08 .LASF209
     /tmp/ccWHOMYe.s:4155   .debug_str:0000000000000f30 .LASF212
     /tmp/ccWHOMYe.s:3903   .debug_str:0000000000000759 .LASF214
     /tmp/ccWHOMYe.s:4033   .debug_str:0000000000000aef .LASF210
     /tmp/ccWHOMYe.s:3959   .debug_str:00000000000008e7 .LASF211
     /tmp/ccWHOMYe.s:4005   .debug_str:0000000000000a1d .LASF213
     /tmp/ccWHOMYe.s:4011   .debug_str:0000000000000a3c .LASF215
     /tmp/ccWHOMYe.s:3947   .debug_str:0000000000000890 .LASF216
     /tmp/ccWHOMYe.s:4045   .debug_str:0000000000000b3b .LASF217
     /tmp/ccWHOMYe.s:4201   .debug_str:0000000000001034 .LASF218
     /tmp/ccWHOMYe.s:4093   .debug_str:0000000000000cab .LASF219
     /tmp/ccWHOMYe.s:3939   .debug_str:000000000000085e .LASF220
     /tmp/ccWHOMYe.s:4067   .debug_str:0000000000000bd7 .LASF221
     /tmp/ccWHOMYe.s:3897   .debug_str:0000000000000743 .LASF222
     /tmp/ccWHOMYe.s:3857   .debug_str:0000000000000640 .LASF223
     /tmp/ccWHOMYe.s:4241   .debug_str:0000000000001170 .LASF224
     /tmp/ccWHOMYe.s:3851   .debug_str:00000000000005fa .LASF225
     /tmp/ccWHOMYe.s:4211   .debug_str:0000000000001081 .LASF226
     /tmp/ccWHOMYe.s:4057   .debug_str:0000000000000b8d .LASF227
     /tmp/ccWHOMYe.s:4059   .debug_str:0000000000000ba0 .LASF228
     /tmp/ccWHOMYe.s:3761   .debug_str:0000000000000326 .LASF229
     /tmp/ccWHOMYe.s:3753   .debug_str:00000000000002f1 .LASF230
     /tmp/ccWHOMYe.s:3675   .debug_str:00000000000000cc .LASF231
     /tmp/ccWHOMYe.s:3849   .debug_str:00000000000005f4 .LASF232
     /tmp/ccWHOMYe.s:3741   .debug_str:0000000000000295 .LASF233
     /tmp/ccWHOMYe.s:3673   .debug_str:00000000000000c1 .LASF234
     /tmp/ccWHOMYe.s:4123   .debug_str:0000000000000d98 .LASF235
     /tmp/ccWHOMYe.s:3915   .debug_str:0000000000000798 .LASF236
     /tmp/ccWHOMYe.s:3751   .debug_str:00000000000002d9 .LASF237
     /tmp/ccWHOMYe.s:3771   .debug_str:0000000000000376 .LASF238
     /tmp/ccWHOMYe.s:4209   .debug_str:000000000000106b .LASF239
     /tmp/ccWHOMYe.s:4177   .debug_str:0000000000000fad .LASF240
     /tmp/ccWHOMYe.s:3921   .debug_str:00000000000007c5 .LASF241
     /tmp/ccWHOMYe.s:4197   .debug_str:000000000000101b .LASF242
     /tmp/ccWHOMYe.s:3813   .debug_str:00000000000004f5 .LASF243
     /tmp/ccWHOMYe.s:4193   .debug_str:0000000000001004 .LASF244
     /tmp/ccWHOMYe.s:3967   .debug_str:0000000000000913 .LASF245
     /tmp/ccWHOMYe.s:3865   .debug_str:0000000000000678 .LASF246
     /tmp/ccWHOMYe.s:4095   .debug_str:0000000000000cbf .LASF247
     /tmp/ccWHOMYe.s:3985   .debug_str:000000000000099d .LASF248
     /tmp/ccWHOMYe.s:4117   .debug_str:0000000000000d72 .LASF249
     /tmp/ccWHOMYe.s:3989   .debug_str:00000000000009c5 .LASF250
     /tmp/ccWHOMYe.s:3773   .debug_str:0000000000000380 .LASF251
     /tmp/ccWHOMYe.s:4111   .debug_str:0000000000000d42 .LASF252
     /tmp/ccWHOMYe.s:3759   .debug_str:000000000000031b .LASF253
     /tmp/ccWHOMYe.s:4157   .debug_str:0000000000000f39 .LASF297
     /tmp/ccWHOMYe.s:3863   .debug_str:0000000000000673 .LASF254
     /tmp/ccWHOMYe.s:4175   .debug_str:0000000000000fa7 .LASF255
     /tmp/ccWHOMYe.s:4223   .debug_str:00000000000010f0 .LASF256
GAS LISTING /tmp/ccWHOMYe.s 			page 16


     /tmp/ccWHOMYe.s:4025   .debug_str:0000000000000aa8 .LASF257
     /tmp/ccWHOMYe.s:3663   .debug_str:0000000000000063 .LASF298
     /tmp/ccWHOMYe.s:3879   .debug_str:00000000000006d3 .LASF258
     /tmp/ccWHOMYe.s:3953   .debug_str:00000000000008b5 .LASF259
     /tmp/ccWHOMYe.s:3901   .debug_str:0000000000000751 .LASF260
     /tmp/ccWHOMYe.s:3755   .debug_str:00000000000002f7 .LASF261
     /tmp/ccWHOMYe.s:4055   .debug_str:0000000000000b81 .LASF262
     /tmp/ccWHOMYe.s:4113   .debug_str:0000000000000d47 .LASF263
     /tmp/ccWHOMYe.s:4249   .debug_str:00000000000011a9 .LASF264
     /tmp/ccWHOMYe.s:3823   .debug_str:0000000000000543 .LASF265
     /tmp/ccWHOMYe.s:3845   .debug_str:00000000000005dd .LASF266
     /tmp/ccWHOMYe.s:4247   .debug_str:000000000000118b .LASF267
     /tmp/ccWHOMYe.s:3973   .debug_str:000000000000094f .LASF268
     /tmp/ccWHOMYe.s:3855   .debug_str:0000000000000625 .LASF269
     /tmp/ccWHOMYe.s:4089   .debug_str:0000000000000c8e .LASF271
     /tmp/ccWHOMYe.s:3685   .debug_str:0000000000000117 .LASF272
     /tmp/ccWHOMYe.s:15     .text:0000000000000000 .LFB49
     /tmp/ccWHOMYe.s:173    .text:00000000000000e8 .LFE49
     /tmp/ccWHOMYe.s:4061   .debug_str:0000000000000ba7 .LASF273
     /tmp/ccWHOMYe.s:110    .text:0000000000000090 .LBB20
     /tmp/ccWHOMYe.s:155    .text:00000000000000cc .LBE20
     /tmp/ccWHOMYe.s:3587   .debug_loc:0000000000000000 .LLST2
     /tmp/ccWHOMYe.s:4083   .debug_str:0000000000000c6c .LASF274
     /tmp/ccWHOMYe.s:4115   .debug_str:0000000000000d66 .LASF299
     /tmp/ccWHOMYe.s:3598   .debug_loc:0000000000000036 .LLST3
     /tmp/ccWHOMYe.s:3649   .debug_str:0000000000000000 .LASF275
     /tmp/ccWHOMYe.s:116    .text:0000000000000098 .LBB21
     /tmp/ccWHOMYe.s:125    .text:00000000000000a4 .LBE21
     /tmp/ccWHOMYe.s:3605   .debug_loc:0000000000000059 .LLST4
     /tmp/ccWHOMYe.s:122    .text:00000000000000a4 .LVL10
     /tmp/ccWHOMYe.s:140    .text:00000000000000b8 .LBB23
     /tmp/ccWHOMYe.s:154    .text:00000000000000cc .LBE23
     /tmp/ccWHOMYe.s:3612   .debug_loc:000000000000007c .LLST5
     /tmp/ccWHOMYe.s:149    .text:00000000000000c8 .LVL14
     /tmp/ccWHOMYe.s:36     .text:0000000000000020 .LBB14
     /tmp/ccWHOMYe.s:48     .text:0000000000000024 .LBE14
     /tmp/ccWHOMYe.s:50     .text:0000000000000024 .LBB16
     /tmp/ccWHOMYe.s:62     .text:000000000000002c .LBE16
     /tmp/ccWHOMYe.s:3619   .debug_loc:000000000000009f .LLST0
     /tmp/ccWHOMYe.s:88     .text:000000000000006c .LBB18
     /tmp/ccWHOMYe.s:96     .text:0000000000000070 .LBE18
     /tmp/ccWHOMYe.s:3627   .debug_loc:00000000000000c3 .LLST1
     /tmp/ccWHOMYe.s:69     .text:0000000000000040 .LVL3
     /tmp/ccWHOMYe.s:81     .text:0000000000000068 .LVL4
     /tmp/ccWHOMYe.s:102    .text:000000000000007c .LVL7
     /tmp/ccWHOMYe.s:109    .text:0000000000000090 .LVL8
     /tmp/ccWHOMYe.s:3791   .debug_str:000000000000042f .LASF276
     /tmp/ccWHOMYe.s:3689   .debug_str:0000000000000121 .LASF277
     /tmp/ccWHOMYe.s:4139   .debug_str:0000000000000ebf .LASF300
     /tmp/ccWHOMYe.s:4165   .debug_str:0000000000000f5d .LASF278
     /tmp/ccWHOMYe.s:3899   .debug_str:000000000000074b .LASF279
     /tmp/ccWHOMYe.s:3955   .debug_str:00000000000008d3 .LASF301
     /tmp/ccWHOMYe.s:3807   .debug_str:00000000000004bc .LASF280
     /tmp/ccWHOMYe.s:4239   .debug_str:0000000000001162 .LASF282
     /tmp/ccWHOMYe.s:4189   .debug_str:0000000000000fe9 .LASF281
     /tmp/ccWHOMYe.s:4021   .debug_str:0000000000000a8d .LASF283
     /tmp/ccWHOMYe.s:3889   .debug_str:000000000000070a .LASF284
GAS LISTING /tmp/ccWHOMYe.s 			page 17


     /tmp/ccWHOMYe.s:3811   .debug_str:00000000000004e9 .LASF285
     /tmp/ccWHOMYe.s:114    .text:0000000000000098 .LVL9
     /tmp/ccWHOMYe.s:128    .text:00000000000000a8 .LVL11
     /tmp/ccWHOMYe.s:135    .text:00000000000000b4 .LVL12
     /tmp/ccWHOMYe.s:151    .text:00000000000000cc .LVL15
     /tmp/ccWHOMYe.s:166    .text:00000000000000dc .LVL16
     /tmp/ccWHOMYe.s:139    .text:00000000000000b8 .LVL13
     /tmp/ccWHOMYe.s:45     .text:0000000000000024 .LVL1
     /tmp/ccWHOMYe.s:59     .text:000000000000002c .LVL2
     /tmp/ccWHOMYe.s:87     .text:000000000000006c .LVL5
     /tmp/ccWHOMYe.s:94     .text:0000000000000070 .LVL6
     /tmp/ccWHOMYe.s:182    .debug_info:0000000000000000 .Ldebug_info0

UNDEFINED SYMBOLS
_ZN5Riscv14supervisorTrapEv
_Z13thread_createPP3TCBPFvPvES2_
_ZN3TCB7runningE
_Z8userMainv
_Z15thread_dispatchv
_Z11printStringPKc
_ZN15memoryAllocator8mem_freeEPv
_ZdaPv
