GAS LISTING /tmp/ccb8GCxB.s 			page 1


   1              		.file	"scheduler.cpp"
   2              		.option pic
   3              		.option norelax
   4              		.text
   5              	.Ltext0:
   6              		.align	2
   8              	_Z41__static_initialization_and_destruction_0ii:
   9              	.LFB21:
  10              		.file 1 "src/scheduler.cpp"
   1:src/scheduler.cpp **** //
   2:src/scheduler.cpp **** // Created by os on 5/17/24.
   3:src/scheduler.cpp **** //
   4:src/scheduler.cpp **** 
   5:src/scheduler.cpp **** #include "../h/scheduler.hpp"
   6:src/scheduler.cpp **** 
   7:src/scheduler.cpp **** Lista<TCB> Scheduler::readyThreadQueue;
   8:src/scheduler.cpp **** 
   9:src/scheduler.cpp **** TCB *Scheduler::get()
  10:src/scheduler.cpp **** {
  11:src/scheduler.cpp ****     return readyThreadQueue.removeFirst();
  12:src/scheduler.cpp **** }
  13:src/scheduler.cpp **** 
  14:src/scheduler.cpp **** void Scheduler::put(TCB *ccb)
  15:src/scheduler.cpp **** {
  16:src/scheduler.cpp ****     readyThreadQueue.addLast(ccb);
  17:src/scheduler.cpp **** }...
  11              		.loc 1 17 1
  12              		.cfi_startproc
  13              	.LVL0:
  14 0000 130101FF 		addi	sp,sp,-16
  15              		.cfi_def_cfa_offset 16
  16 0004 23348100 		sd	s0,8(sp)
  17              		.cfi_offset 8, -8
  18 0008 13040101 		addi	s0,sp,16
  19              		.cfi_def_cfa 8, 0
  20              		.loc 1 17 1 is_stmt 0
  21 000c 93071000 		li	a5,1
  22 0010 6308F500 		beq	a0,a5,.L4
  23              	.L1:
  24 0014 03348100 		ld	s0,8(sp)
  25              		.cfi_remember_state
  26              		.cfi_restore 8
  27              		.cfi_def_cfa 2, 16
  28 0018 13010101 		addi	sp,sp,16
  29              		.cfi_def_cfa_offset 0
  30 001c 67800000 		jr	ra
  31              	.L4:
  32              		.cfi_restore_state
  33              		.loc 1 17 1 discriminator 1
  34 0020 B7070100 		li	a5,65536
  35 0024 9387F7FF 		addi	a5,a5,-1
  36 0028 E396F5FE 		bne	a1,a5,.L1
  37              	.LVL1:
  38              	.LBB15:
  39              	.LBB16:
  40              	.LBB17:
  41              		.file 2 "src/../h/List.hpp"
GAS LISTING /tmp/ccb8GCxB.s 			page 2


   1:src/../h/List.hpp **** //
   2:src/../h/List.hpp **** // Created by marko on 20.4.22..
   3:src/../h/List.hpp **** //
   4:src/../h/List.hpp **** 
   5:src/../h/List.hpp **** #ifndef OS1_VEZBE07_RISCV_CONTEXT_SWITCH_2_INTERRUPT_LIST_HPP
   6:src/../h/List.hpp **** #define OS1_VEZBE07_RISCV_CONTEXT_SWITCH_2_INTERRUPT_LIST_HPP
   7:src/../h/List.hpp **** 
   8:src/../h/List.hpp **** #include "memoryAllocator.hpp"
   9:src/../h/List.hpp **** 
  10:src/../h/List.hpp **** template<typename T>
  11:src/../h/List.hpp **** class Lista
  12:src/../h/List.hpp **** {
  13:src/../h/List.hpp **** private:
  14:src/../h/List.hpp ****     struct Elem
  15:src/../h/List.hpp ****     {
  16:src/../h/List.hpp ****         T *data;
  17:src/../h/List.hpp ****         Elem *next;
  18:src/../h/List.hpp **** 
  19:src/../h/List.hpp ****         Elem(T *data, Elem *next) : data(data), next(next) {}
  20:src/../h/List.hpp **** 
  21:src/../h/List.hpp ****     };
  22:src/../h/List.hpp **** 
  23:src/../h/List.hpp ****     Elem *head, *tail;
  24:src/../h/List.hpp **** 
  25:src/../h/List.hpp **** public:
  26:src/../h/List.hpp ****     Lista() : head(0), tail(0) {}
  42              		.loc 2 26 30
  43 002c 97070000 		lla	a5,.LANCHOR0
  43      93870700 
  44 0034 23B00700 		sd	zero,0(a5)
  45 0038 23B40700 		sd	zero,8(a5)
  46              	.LVL2:
  47              	.LBE17:
  48              	.LBE16:
  49              	.LBE15:
  50              		.loc 1 17 1
  51 003c 6FF09FFD 		j	.L1
  52              		.cfi_endproc
  53              	.LFE21:
  55              		.align	2
  56              		.globl	_ZN9Scheduler3getEv
  58              	_ZN9Scheduler3getEv:
  59              	.LFB11:
  10:src/scheduler.cpp **** {
  60              		.loc 1 10 1 is_stmt 1
  61              		.cfi_startproc
  62 0040 130101FE 		addi	sp,sp,-32
  63              		.cfi_def_cfa_offset 32
  64 0044 233C1100 		sd	ra,24(sp)
  65 0048 23388100 		sd	s0,16(sp)
  66 004c 23349100 		sd	s1,8(sp)
  67              		.cfi_offset 1, -8
  68              		.cfi_offset 8, -16
  69              		.cfi_offset 9, -24
  70 0050 13040102 		addi	s0,sp,32
  71              		.cfi_def_cfa 8, 0
  11:src/scheduler.cpp ****     return readyThreadQueue.removeFirst();
GAS LISTING /tmp/ccb8GCxB.s 			page 3


  72              		.loc 1 11 5
  73              	.LVL3:
  74              	.LBB18:
  75              	.LBB19:
  27:src/../h/List.hpp **** 
  28:src/../h/List.hpp ****     Lista(const Lista<T> &) = delete;
  29:src/../h/List.hpp **** 
  30:src/../h/List.hpp ****     Lista<T> &operator=(const Lista<T> &) = delete;
  31:src/../h/List.hpp **** 
  32:src/../h/List.hpp ****     void addFirst(T *data)
  33:src/../h/List.hpp ****     {
  34:src/../h/List.hpp ****         Elem *elem = new Elem(data, head);
  35:src/../h/List.hpp ****         head = elem;
  36:src/../h/List.hpp ****         if (!tail) { tail = head; }
  37:src/../h/List.hpp ****     }
  38:src/../h/List.hpp **** 
  39:src/../h/List.hpp ****     void addLast(T *data)
  40:src/../h/List.hpp ****     {
  41:src/../h/List.hpp ****         Elem *elem = new Elem(data, 0);
  42:src/../h/List.hpp ****         if (tail)
  43:src/../h/List.hpp ****         {
  44:src/../h/List.hpp ****             tail->next = elem;
  45:src/../h/List.hpp ****             tail = elem;
  46:src/../h/List.hpp ****         } else
  47:src/../h/List.hpp ****         {
  48:src/../h/List.hpp ****             head = tail = elem;
  49:src/../h/List.hpp ****         }
  50:src/../h/List.hpp ****     }
  51:src/../h/List.hpp **** 
  52:src/../h/List.hpp ****     T *removeFirst()
  53:src/../h/List.hpp ****     {
  54:src/../h/List.hpp ****         if (!head) { return 0; }
  76              		.loc 2 54 14 is_stmt 0
  77 0054 17050000 		ld	a0,.LANCHOR0
  77      03350500 
  78              		.loc 2 54 9
  79 005c 63020504 		beqz	a0,.L8
  80              	.LVL4:
  55:src/../h/List.hpp **** 
  56:src/../h/List.hpp ****         Elem *elem = head;
  57:src/../h/List.hpp ****         head = head->next;
  81              		.loc 2 57 22
  82 0060 83378500 		ld	a5,8(a0)
  83              		.loc 2 57 9
  84 0064 17070000 		sd	a5,.LANCHOR0,a4
  84      2330F700 
  58:src/../h/List.hpp ****         if (!head) { tail = 0; }
  85              		.loc 2 58 9
  86 006c 63840702 		beqz	a5,.L10
  87              	.L7:
  59:src/../h/List.hpp **** 
  60:src/../h/List.hpp ****         T *ret = elem->data;
  88              		.loc 2 60 12
  89 0070 83340500 		ld	s1,0(a0)
  90              	.LVL5:
  61:src/../h/List.hpp ****         delete elem;
  91              		.loc 2 61 9
GAS LISTING /tmp/ccb8GCxB.s 			page 4


  92 0074 97000000 		call	_ZdlPv@plt
  92      E7800000 
  93              	.LVL6:
  94              	.L5:
  95              	.LBE19:
  96              	.LBE18:
  12:src/scheduler.cpp **** }
  97              		.loc 1 12 1
  98 007c 13850400 		mv	a0,s1
  99 0080 83308101 		ld	ra,24(sp)
 100              		.cfi_remember_state
 101              		.cfi_restore 1
 102 0084 03340101 		ld	s0,16(sp)
 103              		.cfi_restore 8
 104              		.cfi_def_cfa 2, 32
 105 0088 83348100 		ld	s1,8(sp)
 106              		.cfi_restore 9
 107 008c 13010102 		addi	sp,sp,32
 108              		.cfi_def_cfa_offset 0
 109 0090 67800000 		jr	ra
 110              	.LVL7:
 111              	.L10:
 112              		.cfi_restore_state
 113              	.LBB21:
 114              	.LBB20:
  58:src/../h/List.hpp **** 
 115              		.loc 2 58 22
 116 0094 97070000 		sd	zero,.LANCHOR0+8,a5
 116      23B00700 
 117 009c 6FF05FFD 		j	.L7
 118              	.LVL8:
 119              	.L8:
  54:src/../h/List.hpp **** 
 120              		.loc 2 54 29
 121 00a0 93040500 		mv	s1,a0
 122              	.LVL9:
 123              	.LBE20:
 124              	.LBE21:
  11:src/scheduler.cpp ****     return readyThreadQueue.removeFirst();
 125              		.loc 1 11 41
 126 00a4 6FF09FFD 		j	.L5
 127              		.cfi_endproc
 128              	.LFE11:
 130              		.align	2
 131              		.globl	_ZN9Scheduler3putEP3TCB
 133              	_ZN9Scheduler3putEP3TCB:
 134              	.LFB12:
  15:src/scheduler.cpp **** {
 135              		.loc 1 15 1 is_stmt 1
 136              		.cfi_startproc
 137              	.LVL10:
 138 00a8 130101FE 		addi	sp,sp,-32
 139              		.cfi_def_cfa_offset 32
 140 00ac 233C1100 		sd	ra,24(sp)
 141 00b0 23388100 		sd	s0,16(sp)
 142 00b4 23349100 		sd	s1,8(sp)
 143              		.cfi_offset 1, -8
GAS LISTING /tmp/ccb8GCxB.s 			page 5


 144              		.cfi_offset 8, -16
 145              		.cfi_offset 9, -24
 146 00b8 13040102 		addi	s0,sp,32
 147              		.cfi_def_cfa 8, 0
 148 00bc 93040500 		mv	s1,a0
  16:src/scheduler.cpp ****     readyThreadQueue.addLast(ccb);
 149              		.loc 1 16 5
 150              	.LVL11:
 151              	.LBB22:
 152              	.LBB23:
  41:src/../h/List.hpp ****         if (tail)
 153              		.loc 2 41 22 is_stmt 0
 154 00c0 13050001 		li	a0,16
 155              	.LVL12:
 156 00c4 97000000 		call	_Znwm@plt
 156      E7800000 
 157              	.LVL13:
 158              	.LBB24:
 159              	.LBB25:
  19:src/../h/List.hpp **** 
 160              		.loc 2 19 58
 161 00cc 23309500 		sd	s1,0(a0)
 162 00d0 23340500 		sd	zero,8(a0)
 163              	.LVL14:
 164              	.LBE25:
 165              	.LBE24:
  42:src/../h/List.hpp ****         {
 166              		.loc 2 42 13
 167 00d4 97070000 		ld	a5,.LANCHOR0+8
 167      83B70700 
  42:src/../h/List.hpp ****         {
 168              		.loc 2 42 9
 169 00dc 63820702 		beqz	a5,.L12
  44:src/../h/List.hpp ****             tail = elem;
 170              		.loc 2 44 13
 171 00e0 23B4A700 		sd	a0,8(a5)
  45:src/../h/List.hpp ****         } else
 172              		.loc 2 45 13
 173 00e4 97070000 		sd	a0,.LANCHOR0+8,a5
 173      23B0A700 
 174              	.LVL15:
 175              	.L11:
 176              	.LBE23:
 177              	.LBE22:
 178              		.loc 1 17 1
 179 00ec 83308101 		ld	ra,24(sp)
 180              		.cfi_remember_state
 181              		.cfi_restore 1
 182 00f0 03340101 		ld	s0,16(sp)
 183              		.cfi_restore 8
 184              		.cfi_def_cfa 2, 32
 185 00f4 83348100 		ld	s1,8(sp)
 186              		.cfi_restore 9
 187              	.LVL16:
 188 00f8 13010102 		addi	sp,sp,32
 189              		.cfi_def_cfa_offset 0
 190 00fc 67800000 		jr	ra
GAS LISTING /tmp/ccb8GCxB.s 			page 6


 191              	.LVL17:
 192              	.L12:
 193              		.cfi_restore_state
 194              	.LBB27:
 195              	.LBB26:
  48:src/../h/List.hpp ****         }
 196              		.loc 2 48 13
 197 0100 97070000 		lla	a5,.LANCHOR0
 197      93870700 
 198 0108 23B4A700 		sd	a0,8(a5)
 199 010c 23B0A700 		sd	a0,0(a5)
 200              	.LVL18:
 201              	.LBE26:
 202              	.LBE27:
 203              		.loc 1 17 1
 204 0110 6FF0DFFD 		j	.L11
 205              		.cfi_endproc
 206              	.LFE12:
 208              		.align	2
 210              	_GLOBAL__sub_I__ZN9Scheduler16readyThreadQueueE:
 211              	.LFB22:
 212              		.loc 1 17 1 is_stmt 1
 213              		.cfi_startproc
 214 0114 130101FF 		addi	sp,sp,-16
 215              		.cfi_def_cfa_offset 16
 216 0118 23341100 		sd	ra,8(sp)
 217 011c 23308100 		sd	s0,0(sp)
 218              		.cfi_offset 1, -8
 219              		.cfi_offset 8, -16
 220 0120 13040101 		addi	s0,sp,16
 221              		.cfi_def_cfa 8, 0
 222              		.loc 1 17 1 is_stmt 0
 223 0124 B7050100 		li	a1,65536
 224 0128 9385F5FF 		addi	a1,a1,-1
 225 012c 13051000 		li	a0,1
 226 0130 97000000 		call	_Z41__static_initialization_and_destruction_0ii
 226      E7800000 
 227              	.LVL19:
 228 0138 83308100 		ld	ra,8(sp)
 229              		.cfi_restore 1
 230 013c 03340100 		ld	s0,0(sp)
 231              		.cfi_restore 8
 232              		.cfi_def_cfa 2, 16
 233 0140 13010101 		addi	sp,sp,16
 234              		.cfi_def_cfa_offset 0
 235 0144 67800000 		jr	ra
 236              		.cfi_endproc
 237              	.LFE22:
 239              		.section	.init_array,"aw"
 240              		.align	3
 241 0000 00000000 		.dword	_GLOBAL__sub_I__ZN9Scheduler16readyThreadQueueE
 241      00000000 
 242              		.globl	_ZN9Scheduler16readyThreadQueueE
 243              		.bss
 244              		.align	3
 245              		.set	.LANCHOR0,. + 0
 248              	_ZN9Scheduler16readyThreadQueueE:
GAS LISTING /tmp/ccb8GCxB.s 			page 7


 249 0000 00000000 		.zero	16
 249      00000000 
 249      00000000 
 249      00000000 
 250              		.text
 251              	.Letext0:
 252              		.file 3 "src/../h/../lib/hw.h"
 253              		.file 4 "src/../h/scheduler.hpp"
GAS LISTING /tmp/ccb8GCxB.s 			page 8


DEFINED SYMBOLS
                            *ABS*:0000000000000000 scheduler.cpp
     /tmp/ccb8GCxB.s:8      .text:0000000000000000 _Z41__static_initialization_and_destruction_0ii
     /tmp/ccb8GCxB.s:12     .text:0000000000000000 .L0 
     /tmp/ccb8GCxB.s:14     .text:0000000000000000 .L0 
     /tmp/ccb8GCxB.s:15     .text:0000000000000004 .L0 
     /tmp/ccb8GCxB.s:17     .text:0000000000000008 .L0 
     /tmp/ccb8GCxB.s:19     .text:000000000000000c .L0 
     /tmp/ccb8GCxB.s:21     .text:000000000000000c .L0 
     /tmp/ccb8GCxB.s:25     .text:0000000000000018 .L0 
     /tmp/ccb8GCxB.s:26     .text:0000000000000018 .L0 
     /tmp/ccb8GCxB.s:27     .text:0000000000000018 .L0 
     /tmp/ccb8GCxB.s:29     .text:000000000000001c .L0 
     /tmp/ccb8GCxB.s:32     .text:0000000000000020 .L0 
     /tmp/ccb8GCxB.s:34     .text:0000000000000020 .L0 
     /tmp/ccb8GCxB.s:43     .text:000000000000002c .L0 
     /tmp/ccb8GCxB.s:51     .text:000000000000003c .L0 
     /tmp/ccb8GCxB.s:52     .text:0000000000000040 .L0 
     /tmp/ccb8GCxB.s:58     .text:0000000000000040 _ZN9Scheduler3getEv
     /tmp/ccb8GCxB.s:61     .text:0000000000000040 .L0 
     /tmp/ccb8GCxB.s:62     .text:0000000000000040 .L0 
     /tmp/ccb8GCxB.s:63     .text:0000000000000044 .L0 
     /tmp/ccb8GCxB.s:67     .text:0000000000000050 .L0 
     /tmp/ccb8GCxB.s:68     .text:0000000000000050 .L0 
     /tmp/ccb8GCxB.s:69     .text:0000000000000050 .L0 
     /tmp/ccb8GCxB.s:71     .text:0000000000000054 .L0 
     /tmp/ccb8GCxB.s:76     .text:0000000000000054 .L0 
     /tmp/ccb8GCxB.s:77     .text:0000000000000054 .L0 
     /tmp/ccb8GCxB.s:79     .text:000000000000005c .L0 
     /tmp/ccb8GCxB.s:82     .text:0000000000000060 .L0 
     /tmp/ccb8GCxB.s:84     .text:0000000000000064 .L0 
     /tmp/ccb8GCxB.s:86     .text:000000000000006c .L0 
     /tmp/ccb8GCxB.s:89     .text:0000000000000070 .L0 
     /tmp/ccb8GCxB.s:92     .text:0000000000000074 .L0 
     /tmp/ccb8GCxB.s:98     .text:000000000000007c .L0 
     /tmp/ccb8GCxB.s:100    .text:0000000000000084 .L0 
     /tmp/ccb8GCxB.s:101    .text:0000000000000084 .L0 
     /tmp/ccb8GCxB.s:103    .text:0000000000000088 .L0 
     /tmp/ccb8GCxB.s:104    .text:0000000000000088 .L0 
     /tmp/ccb8GCxB.s:106    .text:000000000000008c .L0 
     /tmp/ccb8GCxB.s:108    .text:0000000000000090 .L0 
     /tmp/ccb8GCxB.s:112    .text:0000000000000094 .L0 
     /tmp/ccb8GCxB.s:116    .text:0000000000000094 .L0 
     /tmp/ccb8GCxB.s:121    .text:00000000000000a0 .L0 
     /tmp/ccb8GCxB.s:126    .text:00000000000000a4 .L0 
     /tmp/ccb8GCxB.s:127    .text:00000000000000a8 .L0 
     /tmp/ccb8GCxB.s:133    .text:00000000000000a8 _ZN9Scheduler3putEP3TCB
     /tmp/ccb8GCxB.s:136    .text:00000000000000a8 .L0 
     /tmp/ccb8GCxB.s:138    .text:00000000000000a8 .L0 
     /tmp/ccb8GCxB.s:139    .text:00000000000000ac .L0 
     /tmp/ccb8GCxB.s:143    .text:00000000000000b8 .L0 
     /tmp/ccb8GCxB.s:144    .text:00000000000000b8 .L0 
     /tmp/ccb8GCxB.s:145    .text:00000000000000b8 .L0 
     /tmp/ccb8GCxB.s:147    .text:00000000000000bc .L0 
     /tmp/ccb8GCxB.s:153    .text:00000000000000c0 .L0 
     /tmp/ccb8GCxB.s:154    .text:00000000000000c0 .L0 
     /tmp/ccb8GCxB.s:161    .text:00000000000000cc .L0 
GAS LISTING /tmp/ccb8GCxB.s 			page 9


     /tmp/ccb8GCxB.s:167    .text:00000000000000d4 .L0 
     /tmp/ccb8GCxB.s:169    .text:00000000000000dc .L0 
     /tmp/ccb8GCxB.s:171    .text:00000000000000e0 .L0 
     /tmp/ccb8GCxB.s:173    .text:00000000000000e4 .L0 
     /tmp/ccb8GCxB.s:179    .text:00000000000000ec .L0 
     /tmp/ccb8GCxB.s:180    .text:00000000000000f0 .L0 
     /tmp/ccb8GCxB.s:181    .text:00000000000000f0 .L0 
     /tmp/ccb8GCxB.s:183    .text:00000000000000f4 .L0 
     /tmp/ccb8GCxB.s:184    .text:00000000000000f4 .L0 
     /tmp/ccb8GCxB.s:186    .text:00000000000000f8 .L0 
     /tmp/ccb8GCxB.s:189    .text:00000000000000fc .L0 
     /tmp/ccb8GCxB.s:193    .text:0000000000000100 .L0 
     /tmp/ccb8GCxB.s:197    .text:0000000000000100 .L0 
     /tmp/ccb8GCxB.s:204    .text:0000000000000110 .L0 
     /tmp/ccb8GCxB.s:205    .text:0000000000000114 .L0 
     /tmp/ccb8GCxB.s:210    .text:0000000000000114 _GLOBAL__sub_I__ZN9Scheduler16readyThreadQueueE
     /tmp/ccb8GCxB.s:213    .text:0000000000000114 .L0 
     /tmp/ccb8GCxB.s:214    .text:0000000000000114 .L0 
     /tmp/ccb8GCxB.s:215    .text:0000000000000118 .L0 
     /tmp/ccb8GCxB.s:218    .text:0000000000000120 .L0 
     /tmp/ccb8GCxB.s:219    .text:0000000000000120 .L0 
     /tmp/ccb8GCxB.s:221    .text:0000000000000124 .L0 
     /tmp/ccb8GCxB.s:223    .text:0000000000000124 .L0 
     /tmp/ccb8GCxB.s:229    .text:000000000000013c .L0 
     /tmp/ccb8GCxB.s:231    .text:0000000000000140 .L0 
     /tmp/ccb8GCxB.s:232    .text:0000000000000140 .L0 
     /tmp/ccb8GCxB.s:234    .text:0000000000000144 .L0 
     /tmp/ccb8GCxB.s:236    .text:0000000000000148 .L0 
     /tmp/ccb8GCxB.s:248    .bss:0000000000000000 _ZN9Scheduler16readyThreadQueueE
     /tmp/ccb8GCxB.s:245    .bss:0000000000000000 .LANCHOR0
     /tmp/ccb8GCxB.s:254    .text:0000000000000148 .L0 
     /tmp/ccb8GCxB.s:43     .text:000000000000002c .L0 
     /tmp/ccb8GCxB.s:77     .text:0000000000000054 .L0 
     /tmp/ccb8GCxB.s:84     .text:0000000000000064 .L0 
     /tmp/ccb8GCxB.s:116    .text:0000000000000094 .L0 
     /tmp/ccb8GCxB.s:167    .text:00000000000000d4 .L0 
     /tmp/ccb8GCxB.s:173    .text:00000000000000e4 .L0 
     /tmp/ccb8GCxB.s:197    .text:0000000000000100 .L0 
     /tmp/ccb8GCxB.s:31     .text:0000000000000020 .L4
     /tmp/ccb8GCxB.s:23     .text:0000000000000014 .L1
     /tmp/ccb8GCxB.s:119    .text:00000000000000a0 .L8
     /tmp/ccb8GCxB.s:111    .text:0000000000000094 .L10
     /tmp/ccb8GCxB.s:87     .text:0000000000000070 .L7
     /tmp/ccb8GCxB.s:94     .text:000000000000007c .L5
     /tmp/ccb8GCxB.s:192    .text:0000000000000100 .L12
     /tmp/ccb8GCxB.s:175    .text:00000000000000ec .L11
     /tmp/ccb8GCxB.s:889    .debug_abbrev:0000000000000000 .Ldebug_abbrev0
     /tmp/ccb8GCxB.s:1823   .debug_str:00000000000001dc .LASF52
     /tmp/ccb8GCxB.s:1811   .debug_str:0000000000000163 .LASF53
     /tmp/ccb8GCxB.s:1829   .debug_str:00000000000002c3 .LASF54
     /tmp/ccb8GCxB.s:5      .text:0000000000000000 .Ltext0
     /tmp/ccb8GCxB.s:251    .text:0000000000000148 .Letext0
     /tmp/ccb8GCxB.s:1763   .debug_line:0000000000000000 .Ldebug_line0
     /tmp/ccb8GCxB.s:1839   .debug_str:0000000000000303 .LASF0
     /tmp/ccb8GCxB.s:1815   .debug_str:0000000000000187 .LASF1
     /tmp/ccb8GCxB.s:1807   .debug_str:0000000000000150 .LASF2
     /tmp/ccb8GCxB.s:1779   .debug_str:000000000000006d .LASF4
GAS LISTING /tmp/ccb8GCxB.s 			page 10


     /tmp/ccb8GCxB.s:1813   .debug_str:0000000000000175 .LASF3
     /tmp/ccb8GCxB.s:1769   .debug_str:000000000000001e .LASF5
     /tmp/ccb8GCxB.s:1765   .debug_str:0000000000000000 .LASF6
     /tmp/ccb8GCxB.s:1797   .debug_str:0000000000000101 .LASF7
     /tmp/ccb8GCxB.s:1853   .debug_str:0000000000000366 .LASF8
     /tmp/ccb8GCxB.s:1775   .debug_str:000000000000003e .LASF9
     /tmp/ccb8GCxB.s:1887   .debug_str:00000000000004ae .LASF10
     /tmp/ccb8GCxB.s:1803   .debug_str:0000000000000137 .LASF11
     /tmp/ccb8GCxB.s:1877   .debug_str:0000000000000450 .LASF12
     /tmp/ccb8GCxB.s:1861   .debug_str:00000000000003b1 .LASF13
     /tmp/ccb8GCxB.s:1817   .debug_str:000000000000019a .LASF14
     /tmp/ccb8GCxB.s:1789   .debug_str:00000000000000cd .LASF15
     /tmp/ccb8GCxB.s:1857   .debug_str:0000000000000396 .LASF16
     /tmp/ccb8GCxB.s:1783   .debug_str:00000000000000a4 .LASF17
     /tmp/ccb8GCxB.s:1795   .debug_str:00000000000000f7 .LASF18
     /tmp/ccb8GCxB.s:1849   .debug_str:0000000000000341 .LASF55
     /tmp/ccb8GCxB.s:1773   .debug_str:000000000000002a .LASF56
     /tmp/ccb8GCxB.s:1787   .debug_str:00000000000000b5 .LASF57
     /tmp/ccb8GCxB.s:1865   .debug_str:00000000000003dd .LASF19
     /tmp/ccb8GCxB.s:1859   .debug_str:00000000000003ac .LASF22
     /tmp/ccb8GCxB.s:1801   .debug_str:0000000000000132 .LASF20
     /tmp/ccb8GCxB.s:1771   .debug_str:0000000000000025 .LASF21
     /tmp/ccb8GCxB.s:1869   .debug_str:0000000000000407 .LASF58
     /tmp/ccb8GCxB.s:1831   .debug_str:00000000000002d7 .LASF23
     /tmp/ccb8GCxB.s:1871   .debug_str:0000000000000427 .LASF24
     /tmp/ccb8GCxB.s:1835   .debug_str:00000000000002f4 .LASF25
     /tmp/ccb8GCxB.s:1851   .debug_str:0000000000000352 .LASF27
     /tmp/ccb8GCxB.s:1821   .debug_str:00000000000001c4 .LASF32
     /tmp/ccb8GCxB.s:1879   .debug_str:0000000000000460 .LASF59
     /tmp/ccb8GCxB.s:1833   .debug_str:00000000000002dc .LASF60
     /tmp/ccb8GCxB.s:1837   .debug_str:00000000000002fa .LASF26
     /tmp/ccb8GCxB.s:1799   .debug_str:0000000000000114 .LASF28
     /tmp/ccb8GCxB.s:1825   .debug_str:00000000000002a0 .LASF29
     /tmp/ccb8GCxB.s:1873   .debug_str:000000000000042c .LASF30
     /tmp/ccb8GCxB.s:1785   .debug_str:00000000000000a9 .LASF31
     /tmp/ccb8GCxB.s:1867   .debug_str:00000000000003e8 .LASF33
     /tmp/ccb8GCxB.s:1805   .debug_str:0000000000000146 .LASF34
     /tmp/ccb8GCxB.s:1863   .debug_str:00000000000003c1 .LASF35
     /tmp/ccb8GCxB.s:1793   .debug_str:00000000000000ec .LASF36
     /tmp/ccb8GCxB.s:1819   .debug_str:00000000000001a6 .LASF37
     /tmp/ccb8GCxB.s:1791   .debug_str:00000000000000e3 .LASF38
     /tmp/ccb8GCxB.s:1827   .debug_str:00000000000002a8 .LASF39
     /tmp/ccb8GCxB.s:1777   .debug_str:000000000000004c .LASF61
     /tmp/ccb8GCxB.s:1781   .debug_str:0000000000000074 .LASF40
     /tmp/ccb8GCxB.s:211    .text:0000000000000114 .LFB22
     /tmp/ccb8GCxB.s:237    .text:0000000000000148 .LFE22
     /tmp/ccb8GCxB.s:227    .text:0000000000000138 .LVL19
     /tmp/ccb8GCxB.s:1885   .debug_str:0000000000000484 .LASF41
     /tmp/ccb8GCxB.s:9      .text:0000000000000000 .LFB21
     /tmp/ccb8GCxB.s:53     .text:0000000000000040 .LFE21
     /tmp/ccb8GCxB.s:1845   .debug_str:0000000000000325 .LASF42
     /tmp/ccb8GCxB.s:1767   .debug_str:0000000000000013 .LASF43
     /tmp/ccb8GCxB.s:38     .text:000000000000002c .LBB15
     /tmp/ccb8GCxB.s:49     .text:000000000000003c .LBE15
     /tmp/ccb8GCxB.s:1620   .debug_loc:0000000000000000 .LLST0
     /tmp/ccb8GCxB.s:1809   .debug_str:000000000000015e .LASF44
     /tmp/ccb8GCxB.s:1855   .debug_str:0000000000000376 .LASF46
GAS LISTING /tmp/ccb8GCxB.s 			page 11


     /tmp/ccb8GCxB.s:1841   .debug_str:0000000000000310 .LASF45
     /tmp/ccb8GCxB.s:1881   .debug_str:000000000000046a .LASF47
     /tmp/ccb8GCxB.s:134    .text:00000000000000a8 .LFB12
     /tmp/ccb8GCxB.s:206    .text:0000000000000114 .LFE12
     /tmp/ccb8GCxB.s:1629   .debug_loc:000000000000002c .LLST4
     /tmp/ccb8GCxB.s:151    .text:00000000000000c0 .LBB22
     /tmp/ccb8GCxB.s:1749   .debug_ranges:0000000000000000 .Ldebug_ranges0
     /tmp/ccb8GCxB.s:1651   .debug_loc:000000000000008b .LLST5
     /tmp/ccb8GCxB.s:1666   .debug_loc:00000000000000d4 .LLST6
     /tmp/ccb8GCxB.s:158    .text:00000000000000cc .LBB24
     /tmp/ccb8GCxB.s:165    .text:00000000000000d4 .LBE24
     /tmp/ccb8GCxB.s:1681   .debug_loc:000000000000011c .LLST7
     /tmp/ccb8GCxB.s:1689   .debug_loc:0000000000000140 .LLST8
     /tmp/ccb8GCxB.s:1696   .debug_loc:0000000000000163 .LLST9
     /tmp/ccb8GCxB.s:157    .text:00000000000000cc .LVL13
     /tmp/ccb8GCxB.s:59     .text:0000000000000040 .LFB11
     /tmp/ccb8GCxB.s:128    .text:00000000000000a8 .LFE11
     /tmp/ccb8GCxB.s:74     .text:0000000000000054 .LBB18
     /tmp/ccb8GCxB.s:1703   .debug_loc:0000000000000186 .LLST1
     /tmp/ccb8GCxB.s:1718   .debug_loc:00000000000001ce .LLST2
     /tmp/ccb8GCxB.s:1729   .debug_loc:0000000000000204 .LLST3
     /tmp/ccb8GCxB.s:93     .text:000000000000007c .LVL6
     /tmp/ccb8GCxB.s:1883   .debug_str:000000000000047e .LASF48
     /tmp/ccb8GCxB.s:1847   .debug_str:0000000000000334 .LASF50
     /tmp/ccb8GCxB.s:1875   .debug_str:0000000000000449 .LASF49
     /tmp/ccb8GCxB.s:1843   .debug_str:0000000000000315 .LASF51
     /tmp/ccb8GCxB.s:37     .text:000000000000002c .LVL1
     /tmp/ccb8GCxB.s:46     .text:000000000000003c .LVL2
     /tmp/ccb8GCxB.s:137    .text:00000000000000a8 .LVL10
     /tmp/ccb8GCxB.s:155    .text:00000000000000c4 .LVL12
     /tmp/ccb8GCxB.s:187    .text:00000000000000f8 .LVL16
     /tmp/ccb8GCxB.s:191    .text:0000000000000100 .LVL17
     /tmp/ccb8GCxB.s:150    .text:00000000000000c0 .LVL11
     /tmp/ccb8GCxB.s:174    .text:00000000000000ec .LVL15
     /tmp/ccb8GCxB.s:200    .text:0000000000000110 .LVL18
     /tmp/ccb8GCxB.s:163    .text:00000000000000d4 .LVL14
     /tmp/ccb8GCxB.s:73     .text:0000000000000054 .LVL3
     /tmp/ccb8GCxB.s:110    .text:0000000000000094 .LVL7
     /tmp/ccb8GCxB.s:122    .text:00000000000000a4 .LVL9
     /tmp/ccb8GCxB.s:80     .text:0000000000000060 .LVL4
     /tmp/ccb8GCxB.s:118    .text:00000000000000a0 .LVL8
     /tmp/ccb8GCxB.s:90     .text:0000000000000074 .LVL5
     /tmp/ccb8GCxB.s:255    .debug_info:0000000000000000 .Ldebug_info0
     /tmp/ccb8GCxB.s:96     .text:000000000000007c .LBE18
     /tmp/ccb8GCxB.s:113    .text:0000000000000094 .LBB21
     /tmp/ccb8GCxB.s:124    .text:00000000000000a4 .LBE21
     /tmp/ccb8GCxB.s:177    .text:00000000000000ec .LBE22
     /tmp/ccb8GCxB.s:194    .text:0000000000000100 .LBB27
     /tmp/ccb8GCxB.s:202    .text:0000000000000110 .LBE27

UNDEFINED SYMBOLS
_ZdlPv
_Znwm
